2020-09-09 10:14:28 [::1][-][-][error][yii\web\HttpException:404] yii\web\NotFoundHttpException: Page not found. in C:\wamp64\www\project\vendor\yiisoft\yii2\web\Request.php:287
Stack trace:
#0 C:\wamp64\www\project\vendor\yiisoft\yii2\web\Application.php(82): yii\web\Request->resolve()
#1 C:\wamp64\www\project\vendor\yiisoft\yii2\base\Application.php(386): yii\web\Application->handleRequest(Object(yii\web\Request))
#2 C:\wamp64\www\project\api\web\index.php(17): yii\base\Application->run()
#3 {main}
2020-09-09 10:14:28 [::1][-][-][info][application] $_GET = []

$_POST = []

$_FILES = []

$_COOKIE = []

$_SERVER = [
    'REDIRECT_STATUS' => '200'
    'HTTP_HOST' => 'api.project.loc'
    'HTTP_CONNECTION' => 'keep-alive'
    'HTTP_UPGRADE_INSECURE_REQUESTS' => '1'
    'HTTP_USER_AGENT' => 'Mozilla/5.0 (Windows NT 6.3; Win64; x64) AppleWebKit/537.36 (KHTML, like Gecko) Chrome/84.0.4147.135 Safari/537.36 OPR/70.0.3728.154'
    'HTTP_ACCEPT' => 'text/html,application/xhtml+xml,application/xml;q=0.9,image/webp,image/apng,*/*;q=0.8,application/signed-exchange;v=b3;q=0.9'
    'HTTP_ACCEPT_ENCODING' => 'gzip, deflate'
    'HTTP_ACCEPT_LANGUAGE' => 'ru-RU,ru;q=0.9,en-US;q=0.8,en;q=0.7'
    'PATH' => 'C:\\Windows\\system32;C:\\Windows;C:\\Windows\\System32\\Wbem;C:\\Windows\\System32\\WindowsPowerShell\\v1.0\\;C:\\Program Files\\7-Zip;C:\\Program Files\\Git\\cmd;C:\\wamp64\\bin\\php\\php7.3.21;C:\\ProgramData\\ComposerSetup\\bin;'
    'SystemRoot' => 'C:\\Windows'
    'COMSPEC' => 'C:\\Windows\\system32\\cmd.exe'
    'PATHEXT' => '.COM;.EXE;.BAT;.CMD;.VBS;.VBE;.JS;.JSE;.WSF;.WSH;.MSC'
    'WINDIR' => 'C:\\Windows'
    'SERVER_SIGNATURE' => '<address>Apache/2.4.46 (Win64) PHP/7.3.21 Server at api.project.loc Port 80</address>
'
    'SERVER_SOFTWARE' => 'Apache/2.4.46 (Win64) PHP/7.3.21'
    'SERVER_NAME' => 'api.project.loc'
    'SERVER_ADDR' => '::1'
    'SERVER_PORT' => '80'
    'REMOTE_ADDR' => '::1'
    'DOCUMENT_ROOT' => 'C:/wamp64/www/project/api/web'
    'REQUEST_SCHEME' => 'http'
    'CONTEXT_PREFIX' => ''
    'CONTEXT_DOCUMENT_ROOT' => 'C:/wamp64/www/project/api/web'
    'SERVER_ADMIN' => 'wampserver@wampserver.invalid'
    'SCRIPT_FILENAME' => 'C:/wamp64/www/project/api/web/index.php'
    'REMOTE_PORT' => '49258'
    'REDIRECT_URL' => '/api/v1/invoice'
    'GATEWAY_INTERFACE' => 'CGI/1.1'
    'SERVER_PROTOCOL' => 'HTTP/1.1'
    'REQUEST_METHOD' => 'GET'
    'QUERY_STRING' => ''
    'REQUEST_URI' => '/api/v1/invoice'
    'SCRIPT_NAME' => '/index.php'
    'PHP_SELF' => '/index.php'
    'REQUEST_TIME_FLOAT' => 1599646468.6171
    'REQUEST_TIME' => 1599646468
]
2020-09-09 10:14:45 [::1][-][-][error][yii\web\HttpException:404] yii\base\InvalidRouteException: Unable to resolve the request "v1/invoices/index". in C:\wamp64\www\project\vendor\yiisoft\yii2\base\Module.php:537
Stack trace:
#0 C:\wamp64\www\project\vendor\yiisoft\yii2\web\Application.php(103): yii\base\Module->runAction('v1/invoices/ind...', Array)
#1 C:\wamp64\www\project\vendor\yiisoft\yii2\base\Application.php(386): yii\web\Application->handleRequest(Object(yii\web\Request))
#2 C:\wamp64\www\project\api\web\index.php(17): yii\base\Application->run()
#3 {main}

Next yii\web\NotFoundHttpException: Page not found. in C:\wamp64\www\project\vendor\yiisoft\yii2\web\Application.php:115
Stack trace:
#0 C:\wamp64\www\project\vendor\yiisoft\yii2\base\Application.php(386): yii\web\Application->handleRequest(Object(yii\web\Request))
#1 C:\wamp64\www\project\api\web\index.php(17): yii\base\Application->run()
#2 {main}
2020-09-09 10:14:45 [::1][-][-][info][application] $_GET = []

$_POST = []

$_FILES = []

$_COOKIE = []

$_SERVER = [
    'REDIRECT_STATUS' => '200'
    'HTTP_HOST' => 'api.project.loc'
    'HTTP_CONNECTION' => 'keep-alive'
    'HTTP_CACHE_CONTROL' => 'max-age=0'
    'HTTP_UPGRADE_INSECURE_REQUESTS' => '1'
    'HTTP_USER_AGENT' => 'Mozilla/5.0 (Windows NT 6.3; Win64; x64) AppleWebKit/537.36 (KHTML, like Gecko) Chrome/84.0.4147.135 Safari/537.36 OPR/70.0.3728.154'
    'HTTP_ACCEPT' => 'text/html,application/xhtml+xml,application/xml;q=0.9,image/webp,image/apng,*/*;q=0.8,application/signed-exchange;v=b3;q=0.9'
    'HTTP_ACCEPT_ENCODING' => 'gzip, deflate'
    'HTTP_ACCEPT_LANGUAGE' => 'ru-RU,ru;q=0.9,en-US;q=0.8,en;q=0.7'
    'PATH' => 'C:\\Windows\\system32;C:\\Windows;C:\\Windows\\System32\\Wbem;C:\\Windows\\System32\\WindowsPowerShell\\v1.0\\;C:\\Program Files\\7-Zip;C:\\Program Files\\Git\\cmd;C:\\wamp64\\bin\\php\\php7.3.21;C:\\ProgramData\\ComposerSetup\\bin;'
    'SystemRoot' => 'C:\\Windows'
    'COMSPEC' => 'C:\\Windows\\system32\\cmd.exe'
    'PATHEXT' => '.COM;.EXE;.BAT;.CMD;.VBS;.VBE;.JS;.JSE;.WSF;.WSH;.MSC'
    'WINDIR' => 'C:\\Windows'
    'SERVER_SIGNATURE' => '<address>Apache/2.4.46 (Win64) PHP/7.3.21 Server at api.project.loc Port 80</address>
'
    'SERVER_SOFTWARE' => 'Apache/2.4.46 (Win64) PHP/7.3.21'
    'SERVER_NAME' => 'api.project.loc'
    'SERVER_ADDR' => '::1'
    'SERVER_PORT' => '80'
    'REMOTE_ADDR' => '::1'
    'DOCUMENT_ROOT' => 'C:/wamp64/www/project/api/web'
    'REQUEST_SCHEME' => 'http'
    'CONTEXT_PREFIX' => ''
    'CONTEXT_DOCUMENT_ROOT' => 'C:/wamp64/www/project/api/web'
    'SERVER_ADMIN' => 'wampserver@wampserver.invalid'
    'SCRIPT_FILENAME' => 'C:/wamp64/www/project/api/web/index.php'
    'REMOTE_PORT' => '49264'
    'REDIRECT_URL' => '/api/v1/invoices'
    'GATEWAY_INTERFACE' => 'CGI/1.1'
    'SERVER_PROTOCOL' => 'HTTP/1.1'
    'REQUEST_METHOD' => 'GET'
    'QUERY_STRING' => ''
    'REQUEST_URI' => '/api/v1/invoices'
    'SCRIPT_NAME' => '/index.php'
    'PHP_SELF' => '/index.php'
    'REQUEST_TIME_FLOAT' => 1599646485.2163
    'REQUEST_TIME' => 1599646485
]
2020-09-09 10:14:48 [::1][-][-][error][yii\web\HttpException:404] yii\web\NotFoundHttpException: Page not found. in C:\wamp64\www\project\vendor\yiisoft\yii2\web\Request.php:287
Stack trace:
#0 C:\wamp64\www\project\vendor\yiisoft\yii2\web\Application.php(82): yii\web\Request->resolve()
#1 C:\wamp64\www\project\vendor\yiisoft\yii2\base\Application.php(386): yii\web\Application->handleRequest(Object(yii\web\Request))
#2 C:\wamp64\www\project\api\web\index.php(17): yii\base\Application->run()
#3 {main}
2020-09-09 10:14:48 [::1][-][-][info][application] $_GET = []

$_POST = []

$_FILES = []

$_COOKIE = []

$_SERVER = [
    'REDIRECT_STATUS' => '200'
    'HTTP_HOST' => 'api.project.loc'
    'HTTP_CONNECTION' => 'keep-alive'
    'HTTP_UPGRADE_INSECURE_REQUESTS' => '1'
    'HTTP_USER_AGENT' => 'Mozilla/5.0 (Windows NT 6.3; Win64; x64) AppleWebKit/537.36 (KHTML, like Gecko) Chrome/84.0.4147.135 Safari/537.36 OPR/70.0.3728.154'
    'HTTP_ACCEPT' => 'text/html,application/xhtml+xml,application/xml;q=0.9,image/webp,image/apng,*/*;q=0.8,application/signed-exchange;v=b3;q=0.9'
    'HTTP_ACCEPT_ENCODING' => 'gzip, deflate'
    'HTTP_ACCEPT_LANGUAGE' => 'ru-RU,ru;q=0.9,en-US;q=0.8,en;q=0.7'
    'PATH' => 'C:\\Windows\\system32;C:\\Windows;C:\\Windows\\System32\\Wbem;C:\\Windows\\System32\\WindowsPowerShell\\v1.0\\;C:\\Program Files\\7-Zip;C:\\Program Files\\Git\\cmd;C:\\wamp64\\bin\\php\\php7.3.21;C:\\ProgramData\\ComposerSetup\\bin;'
    'SystemRoot' => 'C:\\Windows'
    'COMSPEC' => 'C:\\Windows\\system32\\cmd.exe'
    'PATHEXT' => '.COM;.EXE;.BAT;.CMD;.VBS;.VBE;.JS;.JSE;.WSF;.WSH;.MSC'
    'WINDIR' => 'C:\\Windows'
    'SERVER_SIGNATURE' => '<address>Apache/2.4.46 (Win64) PHP/7.3.21 Server at api.project.loc Port 80</address>
'
    'SERVER_SOFTWARE' => 'Apache/2.4.46 (Win64) PHP/7.3.21'
    'SERVER_NAME' => 'api.project.loc'
    'SERVER_ADDR' => '::1'
    'SERVER_PORT' => '80'
    'REMOTE_ADDR' => '::1'
    'DOCUMENT_ROOT' => 'C:/wamp64/www/project/api/web'
    'REQUEST_SCHEME' => 'http'
    'CONTEXT_PREFIX' => ''
    'CONTEXT_DOCUMENT_ROOT' => 'C:/wamp64/www/project/api/web'
    'SERVER_ADMIN' => 'wampserver@wampserver.invalid'
    'SCRIPT_FILENAME' => 'C:/wamp64/www/project/api/web/index.php'
    'REMOTE_PORT' => '49264'
    'REDIRECT_URL' => '/api/v1/invoice'
    'GATEWAY_INTERFACE' => 'CGI/1.1'
    'SERVER_PROTOCOL' => 'HTTP/1.1'
    'REQUEST_METHOD' => 'GET'
    'QUERY_STRING' => ''
    'REQUEST_URI' => '/api/v1/invoice'
    'SCRIPT_NAME' => '/index.php'
    'PHP_SELF' => '/index.php'
    'REQUEST_TIME_FLOAT' => 1599646488.2346
    'REQUEST_TIME' => 1599646488
]
2020-09-09 10:15:14 [::1][-][-][error][yii\web\HttpException:404] yii\web\NotFoundHttpException: Page not found. in C:\wamp64\www\project\vendor\yiisoft\yii2\web\Request.php:287
Stack trace:
#0 C:\wamp64\www\project\vendor\yiisoft\yii2\web\Application.php(82): yii\web\Request->resolve()
#1 C:\wamp64\www\project\vendor\yiisoft\yii2\base\Application.php(386): yii\web\Application->handleRequest(Object(yii\web\Request))
#2 C:\wamp64\www\project\api\web\index.php(17): yii\base\Application->run()
#3 {main}
2020-09-09 10:15:14 [::1][-][-][info][application] $_GET = []

$_POST = []

$_FILES = []

$_COOKIE = []

$_SERVER = [
    'REDIRECT_STATUS' => '200'
    'HTTP_HOST' => 'api.project.loc'
    'HTTP_USER_AGENT' => 'curl/7.72.0'
    'HTTP_ACCEPT' => 'application/json'
    'PATH' => 'C:\\Windows\\system32;C:\\Windows;C:\\Windows\\System32\\Wbem;C:\\Windows\\System32\\WindowsPowerShell\\v1.0\\;C:\\Program Files\\7-Zip;C:\\Program Files\\Git\\cmd;C:\\wamp64\\bin\\php\\php7.3.21;C:\\ProgramData\\ComposerSetup\\bin;'
    'SystemRoot' => 'C:\\Windows'
    'COMSPEC' => 'C:\\Windows\\system32\\cmd.exe'
    'PATHEXT' => '.COM;.EXE;.BAT;.CMD;.VBS;.VBE;.JS;.JSE;.WSF;.WSH;.MSC'
    'WINDIR' => 'C:\\Windows'
    'SERVER_SIGNATURE' => '<address>Apache/2.4.46 (Win64) PHP/7.3.21 Server at api.project.loc Port 80</address>
'
    'SERVER_SOFTWARE' => 'Apache/2.4.46 (Win64) PHP/7.3.21'
    'SERVER_NAME' => 'api.project.loc'
    'SERVER_ADDR' => '::1'
    'SERVER_PORT' => '80'
    'REMOTE_ADDR' => '::1'
    'DOCUMENT_ROOT' => 'C:/wamp64/www/project/api/web'
    'REQUEST_SCHEME' => 'http'
    'CONTEXT_PREFIX' => ''
    'CONTEXT_DOCUMENT_ROOT' => 'C:/wamp64/www/project/api/web'
    'SERVER_ADMIN' => 'wampserver@wampserver.invalid'
    'SCRIPT_FILENAME' => 'C:/wamp64/www/project/api/web/index.php'
    'REMOTE_PORT' => '49273'
    'REDIRECT_URL' => '/api/v1/invoice'
    'GATEWAY_INTERFACE' => 'CGI/1.1'
    'SERVER_PROTOCOL' => 'HTTP/1.1'
    'REQUEST_METHOD' => 'GET'
    'QUERY_STRING' => ''
    'REQUEST_URI' => '/api/v1/invoice'
    'SCRIPT_NAME' => '/index.php'
    'PHP_SELF' => '/index.php'
    'REQUEST_TIME_FLOAT' => 1599646514.6886
    'REQUEST_TIME' => 1599646514
]
2020-09-09 10:15:43 [::1][-][-][error][yii\web\HttpException:404] yii\web\NotFoundHttpException: Page not found. in C:\wamp64\www\project\vendor\yiisoft\yii2\web\Request.php:287
Stack trace:
#0 C:\wamp64\www\project\vendor\yiisoft\yii2\web\Application.php(82): yii\web\Request->resolve()
#1 C:\wamp64\www\project\vendor\yiisoft\yii2\base\Application.php(386): yii\web\Application->handleRequest(Object(yii\web\Request))
#2 C:\wamp64\www\project\api\web\index.php(17): yii\base\Application->run()
#3 {main}
2020-09-09 10:15:43 [::1][-][-][info][application] $_GET = []

$_POST = []

$_FILES = []

$_COOKIE = []

$_SERVER = [
    'REDIRECT_STATUS' => '200'
    'HTTP_HOST' => 'api.project.loc'
    'HTTP_USER_AGENT' => 'curl/7.72.0'
    'HTTP_ACCEPT' => 'application/json'
    'PATH' => 'C:\\Windows\\system32;C:\\Windows;C:\\Windows\\System32\\Wbem;C:\\Windows\\System32\\WindowsPowerShell\\v1.0\\;C:\\Program Files\\7-Zip;C:\\Program Files\\Git\\cmd;C:\\wamp64\\bin\\php\\php7.3.21;C:\\ProgramData\\ComposerSetup\\bin;'
    'SystemRoot' => 'C:\\Windows'
    'COMSPEC' => 'C:\\Windows\\system32\\cmd.exe'
    'PATHEXT' => '.COM;.EXE;.BAT;.CMD;.VBS;.VBE;.JS;.JSE;.WSF;.WSH;.MSC'
    'WINDIR' => 'C:\\Windows'
    'SERVER_SIGNATURE' => '<address>Apache/2.4.46 (Win64) PHP/7.3.21 Server at api.project.loc Port 80</address>
'
    'SERVER_SOFTWARE' => 'Apache/2.4.46 (Win64) PHP/7.3.21'
    'SERVER_NAME' => 'api.project.loc'
    'SERVER_ADDR' => '::1'
    'SERVER_PORT' => '80'
    'REMOTE_ADDR' => '::1'
    'DOCUMENT_ROOT' => 'C:/wamp64/www/project/api/web'
    'REQUEST_SCHEME' => 'http'
    'CONTEXT_PREFIX' => ''
    'CONTEXT_DOCUMENT_ROOT' => 'C:/wamp64/www/project/api/web'
    'SERVER_ADMIN' => 'wampserver@wampserver.invalid'
    'SCRIPT_FILENAME' => 'C:/wamp64/www/project/api/web/index.php'
    'REMOTE_PORT' => '49284'
    'REDIRECT_URL' => '/api/v1/invoices'
    'GATEWAY_INTERFACE' => 'CGI/1.1'
    'SERVER_PROTOCOL' => 'HTTP/1.1'
    'REQUEST_METHOD' => 'GET'
    'QUERY_STRING' => ''
    'REQUEST_URI' => '/api/v1/invoices'
    'SCRIPT_NAME' => '/index.php'
    'PHP_SELF' => '/index.php'
    'REQUEST_TIME_FLOAT' => 1599646543.9189
    'REQUEST_TIME' => 1599646543
]
2020-09-09 10:16:10 [::1][-][-][error][yii\web\HttpException:404] yii\web\NotFoundHttpException: Page not found. in C:\wamp64\www\project\vendor\yiisoft\yii2\web\Request.php:287
Stack trace:
#0 C:\wamp64\www\project\vendor\yiisoft\yii2\web\Application.php(82): yii\web\Request->resolve()
#1 C:\wamp64\www\project\vendor\yiisoft\yii2\base\Application.php(386): yii\web\Application->handleRequest(Object(yii\web\Request))
#2 C:\wamp64\www\project\api\web\index.php(17): yii\base\Application->run()
#3 {main}
2020-09-09 10:16:10 [::1][-][-][info][application] $_GET = []

$_POST = []

$_FILES = []

$_COOKIE = []

$_SERVER = [
    'REDIRECT_STATUS' => '200'
    'HTTP_HOST' => 'api.project.loc'
    'HTTP_USER_AGENT' => 'curl/7.72.0'
    'HTTP_ACCEPT' => 'application/json'
    'PATH' => 'C:\\Windows\\system32;C:\\Windows;C:\\Windows\\System32\\Wbem;C:\\Windows\\System32\\WindowsPowerShell\\v1.0\\;C:\\Program Files\\7-Zip;C:\\Program Files\\Git\\cmd;C:\\wamp64\\bin\\php\\php7.3.21;C:\\ProgramData\\ComposerSetup\\bin;'
    'SystemRoot' => 'C:\\Windows'
    'COMSPEC' => 'C:\\Windows\\system32\\cmd.exe'
    'PATHEXT' => '.COM;.EXE;.BAT;.CMD;.VBS;.VBE;.JS;.JSE;.WSF;.WSH;.MSC'
    'WINDIR' => 'C:\\Windows'
    'SERVER_SIGNATURE' => '<address>Apache/2.4.46 (Win64) PHP/7.3.21 Server at api.project.loc Port 80</address>
'
    'SERVER_SOFTWARE' => 'Apache/2.4.46 (Win64) PHP/7.3.21'
    'SERVER_NAME' => 'api.project.loc'
    'SERVER_ADDR' => '::1'
    'SERVER_PORT' => '80'
    'REMOTE_ADDR' => '::1'
    'DOCUMENT_ROOT' => 'C:/wamp64/www/project/api/web'
    'REQUEST_SCHEME' => 'http'
    'CONTEXT_PREFIX' => ''
    'CONTEXT_DOCUMENT_ROOT' => 'C:/wamp64/www/project/api/web'
    'SERVER_ADMIN' => 'wampserver@wampserver.invalid'
    'SCRIPT_FILENAME' => 'C:/wamp64/www/project/api/web/index.php'
    'REMOTE_PORT' => '49296'
    'REDIRECT_URL' => '/api/v1/invoices'
    'GATEWAY_INTERFACE' => 'CGI/1.1'
    'SERVER_PROTOCOL' => 'HTTP/1.1'
    'REQUEST_METHOD' => 'GET'
    'QUERY_STRING' => ''
    'REQUEST_URI' => '/api/v1/invoices'
    'SCRIPT_NAME' => '/index.php'
    'PHP_SELF' => '/index.php'
    'REQUEST_TIME_FLOAT' => 1599646570.1578
    'REQUEST_TIME' => 1599646570
]
2020-09-09 10:16:14 [::1][-][-][error][yii\web\HttpException:404] yii\web\NotFoundHttpException: Page not found. in C:\wamp64\www\project\vendor\yiisoft\yii2\web\Request.php:287
Stack trace:
#0 C:\wamp64\www\project\vendor\yiisoft\yii2\web\Application.php(82): yii\web\Request->resolve()
#1 C:\wamp64\www\project\vendor\yiisoft\yii2\base\Application.php(386): yii\web\Application->handleRequest(Object(yii\web\Request))
#2 C:\wamp64\www\project\api\web\index.php(17): yii\base\Application->run()
#3 {main}
2020-09-09 10:16:14 [::1][-][-][info][application] $_GET = []

$_POST = []

$_FILES = []

$_COOKIE = []

$_SERVER = [
    'REDIRECT_STATUS' => '200'
    'HTTP_HOST' => 'api.project.loc'
    'HTTP_USER_AGENT' => 'curl/7.72.0'
    'HTTP_ACCEPT' => 'application/json'
    'PATH' => 'C:\\Windows\\system32;C:\\Windows;C:\\Windows\\System32\\Wbem;C:\\Windows\\System32\\WindowsPowerShell\\v1.0\\;C:\\Program Files\\7-Zip;C:\\Program Files\\Git\\cmd;C:\\wamp64\\bin\\php\\php7.3.21;C:\\ProgramData\\ComposerSetup\\bin;'
    'SystemRoot' => 'C:\\Windows'
    'COMSPEC' => 'C:\\Windows\\system32\\cmd.exe'
    'PATHEXT' => '.COM;.EXE;.BAT;.CMD;.VBS;.VBE;.JS;.JSE;.WSF;.WSH;.MSC'
    'WINDIR' => 'C:\\Windows'
    'SERVER_SIGNATURE' => '<address>Apache/2.4.46 (Win64) PHP/7.3.21 Server at api.project.loc Port 80</address>
'
    'SERVER_SOFTWARE' => 'Apache/2.4.46 (Win64) PHP/7.3.21'
    'SERVER_NAME' => 'api.project.loc'
    'SERVER_ADDR' => '::1'
    'SERVER_PORT' => '80'
    'REMOTE_ADDR' => '::1'
    'DOCUMENT_ROOT' => 'C:/wamp64/www/project/api/web'
    'REQUEST_SCHEME' => 'http'
    'CONTEXT_PREFIX' => ''
    'CONTEXT_DOCUMENT_ROOT' => 'C:/wamp64/www/project/api/web'
    'SERVER_ADMIN' => 'wampserver@wampserver.invalid'
    'SCRIPT_FILENAME' => 'C:/wamp64/www/project/api/web/index.php'
    'REMOTE_PORT' => '49301'
    'REDIRECT_URL' => '/api/invoices'
    'GATEWAY_INTERFACE' => 'CGI/1.1'
    'SERVER_PROTOCOL' => 'HTTP/1.1'
    'REQUEST_METHOD' => 'GET'
    'QUERY_STRING' => ''
    'REQUEST_URI' => '/api/invoices'
    'SCRIPT_NAME' => '/index.php'
    'PHP_SELF' => '/index.php'
    'REQUEST_TIME_FLOAT' => 1599646574.5723
    'REQUEST_TIME' => 1599646574
]
2020-09-09 10:16:19 [::1][-][-][error][yii\web\HttpException:404] yii\web\NotFoundHttpException: Page not found. in C:\wamp64\www\project\vendor\yiisoft\yii2\web\Request.php:287
Stack trace:
#0 C:\wamp64\www\project\vendor\yiisoft\yii2\web\Application.php(82): yii\web\Request->resolve()
#1 C:\wamp64\www\project\vendor\yiisoft\yii2\base\Application.php(386): yii\web\Application->handleRequest(Object(yii\web\Request))
#2 C:\wamp64\www\project\api\web\index.php(17): yii\base\Application->run()
#3 {main}
2020-09-09 10:16:18 [::1][-][-][info][application] $_GET = []

$_POST = []

$_FILES = []

$_COOKIE = []

$_SERVER = [
    'REDIRECT_STATUS' => '200'
    'HTTP_HOST' => 'api.project.loc'
    'HTTP_USER_AGENT' => 'curl/7.72.0'
    'HTTP_ACCEPT' => 'application/json'
    'PATH' => 'C:\\Windows\\system32;C:\\Windows;C:\\Windows\\System32\\Wbem;C:\\Windows\\System32\\WindowsPowerShell\\v1.0\\;C:\\Program Files\\7-Zip;C:\\Program Files\\Git\\cmd;C:\\wamp64\\bin\\php\\php7.3.21;C:\\ProgramData\\ComposerSetup\\bin;'
    'SystemRoot' => 'C:\\Windows'
    'COMSPEC' => 'C:\\Windows\\system32\\cmd.exe'
    'PATHEXT' => '.COM;.EXE;.BAT;.CMD;.VBS;.VBE;.JS;.JSE;.WSF;.WSH;.MSC'
    'WINDIR' => 'C:\\Windows'
    'SERVER_SIGNATURE' => '<address>Apache/2.4.46 (Win64) PHP/7.3.21 Server at api.project.loc Port 80</address>
'
    'SERVER_SOFTWARE' => 'Apache/2.4.46 (Win64) PHP/7.3.21'
    'SERVER_NAME' => 'api.project.loc'
    'SERVER_ADDR' => '::1'
    'SERVER_PORT' => '80'
    'REMOTE_ADDR' => '::1'
    'DOCUMENT_ROOT' => 'C:/wamp64/www/project/api/web'
    'REQUEST_SCHEME' => 'http'
    'CONTEXT_PREFIX' => ''
    'CONTEXT_DOCUMENT_ROOT' => 'C:/wamp64/www/project/api/web'
    'SERVER_ADMIN' => 'wampserver@wampserver.invalid'
    'SCRIPT_FILENAME' => 'C:/wamp64/www/project/api/web/index.php'
    'REMOTE_PORT' => '49306'
    'REDIRECT_URL' => '/api/invoice'
    'GATEWAY_INTERFACE' => 'CGI/1.1'
    'SERVER_PROTOCOL' => 'HTTP/1.1'
    'REQUEST_METHOD' => 'GET'
    'QUERY_STRING' => ''
    'REQUEST_URI' => '/api/invoice'
    'SCRIPT_NAME' => '/index.php'
    'PHP_SELF' => '/index.php'
    'REQUEST_TIME_FLOAT' => 1599646578.974
    'REQUEST_TIME' => 1599646578
]
2020-09-09 10:16:22 [::1][-][-][error][yii\web\HttpException:404] yii\web\NotFoundHttpException: Page not found. in C:\wamp64\www\project\vendor\yiisoft\yii2\web\Request.php:287
Stack trace:
#0 C:\wamp64\www\project\vendor\yiisoft\yii2\web\Application.php(82): yii\web\Request->resolve()
#1 C:\wamp64\www\project\vendor\yiisoft\yii2\base\Application.php(386): yii\web\Application->handleRequest(Object(yii\web\Request))
#2 C:\wamp64\www\project\api\web\index.php(17): yii\base\Application->run()
#3 {main}
2020-09-09 10:16:22 [::1][-][-][info][application] $_GET = []

$_POST = []

$_FILES = []

$_COOKIE = []

$_SERVER = [
    'REDIRECT_STATUS' => '200'
    'HTTP_HOST' => 'api.project.loc'
    'HTTP_USER_AGENT' => 'curl/7.72.0'
    'HTTP_ACCEPT' => 'application/json'
    'PATH' => 'C:\\Windows\\system32;C:\\Windows;C:\\Windows\\System32\\Wbem;C:\\Windows\\System32\\WindowsPowerShell\\v1.0\\;C:\\Program Files\\7-Zip;C:\\Program Files\\Git\\cmd;C:\\wamp64\\bin\\php\\php7.3.21;C:\\ProgramData\\ComposerSetup\\bin;'
    'SystemRoot' => 'C:\\Windows'
    'COMSPEC' => 'C:\\Windows\\system32\\cmd.exe'
    'PATHEXT' => '.COM;.EXE;.BAT;.CMD;.VBS;.VBE;.JS;.JSE;.WSF;.WSH;.MSC'
    'WINDIR' => 'C:\\Windows'
    'SERVER_SIGNATURE' => '<address>Apache/2.4.46 (Win64) PHP/7.3.21 Server at api.project.loc Port 80</address>
'
    'SERVER_SOFTWARE' => 'Apache/2.4.46 (Win64) PHP/7.3.21'
    'SERVER_NAME' => 'api.project.loc'
    'SERVER_ADDR' => '::1'
    'SERVER_PORT' => '80'
    'REMOTE_ADDR' => '::1'
    'DOCUMENT_ROOT' => 'C:/wamp64/www/project/api/web'
    'REQUEST_SCHEME' => 'http'
    'CONTEXT_PREFIX' => ''
    'CONTEXT_DOCUMENT_ROOT' => 'C:/wamp64/www/project/api/web'
    'SERVER_ADMIN' => 'wampserver@wampserver.invalid'
    'SCRIPT_FILENAME' => 'C:/wamp64/www/project/api/web/index.php'
    'REMOTE_PORT' => '49311'
    'REDIRECT_URL' => '/api/invoices'
    'GATEWAY_INTERFACE' => 'CGI/1.1'
    'SERVER_PROTOCOL' => 'HTTP/1.1'
    'REQUEST_METHOD' => 'GET'
    'QUERY_STRING' => ''
    'REQUEST_URI' => '/api/invoices'
    'SCRIPT_NAME' => '/index.php'
    'PHP_SELF' => '/index.php'
    'REQUEST_TIME_FLOAT' => 1599646582.9683
    'REQUEST_TIME' => 1599646582
]
2020-09-09 10:17:49 [::1][-][-][error][yii\web\HttpException:404] yii\base\InvalidRouteException: Unable to resolve the request "invoice/index". in C:\wamp64\www\project\vendor\yiisoft\yii2\base\Module.php:537
Stack trace:
#0 C:\wamp64\www\project\vendor\yiisoft\yii2\web\Application.php(103): yii\base\Module->runAction('invoice/index', Array)
#1 C:\wamp64\www\project\vendor\yiisoft\yii2\base\Application.php(386): yii\web\Application->handleRequest(Object(yii\web\Request))
#2 C:\wamp64\www\project\api\web\index.php(17): yii\base\Application->run()
#3 {main}

Next yii\web\NotFoundHttpException: Page not found. in C:\wamp64\www\project\vendor\yiisoft\yii2\web\Application.php:115
Stack trace:
#0 C:\wamp64\www\project\vendor\yiisoft\yii2\base\Application.php(386): yii\web\Application->handleRequest(Object(yii\web\Request))
#1 C:\wamp64\www\project\api\web\index.php(17): yii\base\Application->run()
#2 {main}
2020-09-09 10:17:49 [::1][-][-][info][application] $_GET = []

$_POST = []

$_FILES = []

$_COOKIE = []

$_SERVER = [
    'REDIRECT_STATUS' => '200'
    'HTTP_HOST' => 'api.project.loc'
    'HTTP_USER_AGENT' => 'curl/7.72.0'
    'HTTP_ACCEPT' => 'application/json'
    'PATH' => 'C:\\Windows\\system32;C:\\Windows;C:\\Windows\\System32\\Wbem;C:\\Windows\\System32\\WindowsPowerShell\\v1.0\\;C:\\Program Files\\7-Zip;C:\\Program Files\\Git\\cmd;C:\\wamp64\\bin\\php\\php7.3.21;C:\\ProgramData\\ComposerSetup\\bin;'
    'SystemRoot' => 'C:\\Windows'
    'COMSPEC' => 'C:\\Windows\\system32\\cmd.exe'
    'PATHEXT' => '.COM;.EXE;.BAT;.CMD;.VBS;.VBE;.JS;.JSE;.WSF;.WSH;.MSC'
    'WINDIR' => 'C:\\Windows'
    'SERVER_SIGNATURE' => '<address>Apache/2.4.46 (Win64) PHP/7.3.21 Server at api.project.loc Port 80</address>
'
    'SERVER_SOFTWARE' => 'Apache/2.4.46 (Win64) PHP/7.3.21'
    'SERVER_NAME' => 'api.project.loc'
    'SERVER_ADDR' => '::1'
    'SERVER_PORT' => '80'
    'REMOTE_ADDR' => '::1'
    'DOCUMENT_ROOT' => 'C:/wamp64/www/project/api/web'
    'REQUEST_SCHEME' => 'http'
    'CONTEXT_PREFIX' => ''
    'CONTEXT_DOCUMENT_ROOT' => 'C:/wamp64/www/project/api/web'
    'SERVER_ADMIN' => 'wampserver@wampserver.invalid'
    'SCRIPT_FILENAME' => 'C:/wamp64/www/project/api/web/index.php'
    'REMOTE_PORT' => '49323'
    'REDIRECT_URL' => '/invoices'
    'GATEWAY_INTERFACE' => 'CGI/1.1'
    'SERVER_PROTOCOL' => 'HTTP/1.1'
    'REQUEST_METHOD' => 'GET'
    'QUERY_STRING' => ''
    'REQUEST_URI' => '/invoices'
    'SCRIPT_NAME' => '/index.php'
    'PHP_SELF' => '/index.php'
    'REQUEST_TIME_FLOAT' => 1599646669.3741
    'REQUEST_TIME' => 1599646669
]
2020-09-09 10:17:55 [::1][-][-][error][yii\web\HttpException:404] yii\web\NotFoundHttpException: Page not found. in C:\wamp64\www\project\vendor\yiisoft\yii2\web\Request.php:287
Stack trace:
#0 C:\wamp64\www\project\vendor\yiisoft\yii2\web\Application.php(82): yii\web\Request->resolve()
#1 C:\wamp64\www\project\vendor\yiisoft\yii2\base\Application.php(386): yii\web\Application->handleRequest(Object(yii\web\Request))
#2 C:\wamp64\www\project\api\web\index.php(17): yii\base\Application->run()
#3 {main}
2020-09-09 10:17:55 [::1][-][-][info][application] $_GET = []

$_POST = []

$_FILES = []

$_COOKIE = []

$_SERVER = [
    'REDIRECT_STATUS' => '200'
    'HTTP_HOST' => 'api.project.loc'
    'HTTP_USER_AGENT' => 'curl/7.72.0'
    'HTTP_ACCEPT' => 'application/json'
    'PATH' => 'C:\\Windows\\system32;C:\\Windows;C:\\Windows\\System32\\Wbem;C:\\Windows\\System32\\WindowsPowerShell\\v1.0\\;C:\\Program Files\\7-Zip;C:\\Program Files\\Git\\cmd;C:\\wamp64\\bin\\php\\php7.3.21;C:\\ProgramData\\ComposerSetup\\bin;'
    'SystemRoot' => 'C:\\Windows'
    'COMSPEC' => 'C:\\Windows\\system32\\cmd.exe'
    'PATHEXT' => '.COM;.EXE;.BAT;.CMD;.VBS;.VBE;.JS;.JSE;.WSF;.WSH;.MSC'
    'WINDIR' => 'C:\\Windows'
    'SERVER_SIGNATURE' => '<address>Apache/2.4.46 (Win64) PHP/7.3.21 Server at api.project.loc Port 80</address>
'
    'SERVER_SOFTWARE' => 'Apache/2.4.46 (Win64) PHP/7.3.21'
    'SERVER_NAME' => 'api.project.loc'
    'SERVER_ADDR' => '::1'
    'SERVER_PORT' => '80'
    'REMOTE_ADDR' => '::1'
    'DOCUMENT_ROOT' => 'C:/wamp64/www/project/api/web'
    'REQUEST_SCHEME' => 'http'
    'CONTEXT_PREFIX' => ''
    'CONTEXT_DOCUMENT_ROOT' => 'C:/wamp64/www/project/api/web'
    'SERVER_ADMIN' => 'wampserver@wampserver.invalid'
    'SCRIPT_FILENAME' => 'C:/wamp64/www/project/api/web/index.php'
    'REMOTE_PORT' => '49328'
    'REDIRECT_URL' => '/v1/invoices'
    'GATEWAY_INTERFACE' => 'CGI/1.1'
    'SERVER_PROTOCOL' => 'HTTP/1.1'
    'REQUEST_METHOD' => 'GET'
    'QUERY_STRING' => ''
    'REQUEST_URI' => '/v1/invoices'
    'SCRIPT_NAME' => '/index.php'
    'PHP_SELF' => '/index.php'
    'REQUEST_TIME_FLOAT' => 1599646675.9418
    'REQUEST_TIME' => 1599646675
]
2020-09-09 10:18:02 [::1][-][-][error][yii\web\HttpException:404] yii\base\InvalidRouteException: Unable to resolve the request "invoice/index". in C:\wamp64\www\project\vendor\yiisoft\yii2\base\Module.php:537
Stack trace:
#0 C:\wamp64\www\project\vendor\yiisoft\yii2\web\Application.php(103): yii\base\Module->runAction('invoice/index', Array)
#1 C:\wamp64\www\project\vendor\yiisoft\yii2\base\Application.php(386): yii\web\Application->handleRequest(Object(yii\web\Request))
#2 C:\wamp64\www\project\api\web\index.php(17): yii\base\Application->run()
#3 {main}

Next yii\web\NotFoundHttpException: Page not found. in C:\wamp64\www\project\vendor\yiisoft\yii2\web\Application.php:115
Stack trace:
#0 C:\wamp64\www\project\vendor\yiisoft\yii2\base\Application.php(386): yii\web\Application->handleRequest(Object(yii\web\Request))
#1 C:\wamp64\www\project\api\web\index.php(17): yii\base\Application->run()
#2 {main}
2020-09-09 10:18:01 [::1][-][-][info][application] $_GET = []

$_POST = []

$_FILES = []

$_COOKIE = []

$_SERVER = [
    'REDIRECT_STATUS' => '200'
    'HTTP_HOST' => 'api.project.loc'
    'HTTP_USER_AGENT' => 'curl/7.72.0'
    'HTTP_ACCEPT' => 'application/json'
    'PATH' => 'C:\\Windows\\system32;C:\\Windows;C:\\Windows\\System32\\Wbem;C:\\Windows\\System32\\WindowsPowerShell\\v1.0\\;C:\\Program Files\\7-Zip;C:\\Program Files\\Git\\cmd;C:\\wamp64\\bin\\php\\php7.3.21;C:\\ProgramData\\ComposerSetup\\bin;'
    'SystemRoot' => 'C:\\Windows'
    'COMSPEC' => 'C:\\Windows\\system32\\cmd.exe'
    'PATHEXT' => '.COM;.EXE;.BAT;.CMD;.VBS;.VBE;.JS;.JSE;.WSF;.WSH;.MSC'
    'WINDIR' => 'C:\\Windows'
    'SERVER_SIGNATURE' => '<address>Apache/2.4.46 (Win64) PHP/7.3.21 Server at api.project.loc Port 80</address>
'
    'SERVER_SOFTWARE' => 'Apache/2.4.46 (Win64) PHP/7.3.21'
    'SERVER_NAME' => 'api.project.loc'
    'SERVER_ADDR' => '::1'
    'SERVER_PORT' => '80'
    'REMOTE_ADDR' => '::1'
    'DOCUMENT_ROOT' => 'C:/wamp64/www/project/api/web'
    'REQUEST_SCHEME' => 'http'
    'CONTEXT_PREFIX' => ''
    'CONTEXT_DOCUMENT_ROOT' => 'C:/wamp64/www/project/api/web'
    'SERVER_ADMIN' => 'wampserver@wampserver.invalid'
    'SCRIPT_FILENAME' => 'C:/wamp64/www/project/api/web/index.php'
    'REMOTE_PORT' => '49333'
    'REDIRECT_URL' => '/invoices'
    'GATEWAY_INTERFACE' => 'CGI/1.1'
    'SERVER_PROTOCOL' => 'HTTP/1.1'
    'REQUEST_METHOD' => 'GET'
    'QUERY_STRING' => ''
    'REQUEST_URI' => '/invoices'
    'SCRIPT_NAME' => '/index.php'
    'PHP_SELF' => '/index.php'
    'REQUEST_TIME_FLOAT' => 1599646681.9854
    'REQUEST_TIME' => 1599646681
]
2020-09-09 10:18:06 [::1][-][-][error][yii\web\HttpException:404] yii\web\NotFoundHttpException: Page not found. in C:\wamp64\www\project\vendor\yiisoft\yii2\web\Request.php:287
Stack trace:
#0 C:\wamp64\www\project\vendor\yiisoft\yii2\web\Application.php(82): yii\web\Request->resolve()
#1 C:\wamp64\www\project\vendor\yiisoft\yii2\base\Application.php(386): yii\web\Application->handleRequest(Object(yii\web\Request))
#2 C:\wamp64\www\project\api\web\index.php(17): yii\base\Application->run()
#3 {main}
2020-09-09 10:18:06 [::1][-][-][info][application] $_GET = []

$_POST = []

$_FILES = []

$_COOKIE = []

$_SERVER = [
    'REDIRECT_STATUS' => '200'
    'HTTP_HOST' => 'api.project.loc'
    'HTTP_USER_AGENT' => 'curl/7.72.0'
    'HTTP_ACCEPT' => 'application/json'
    'PATH' => 'C:\\Windows\\system32;C:\\Windows;C:\\Windows\\System32\\Wbem;C:\\Windows\\System32\\WindowsPowerShell\\v1.0\\;C:\\Program Files\\7-Zip;C:\\Program Files\\Git\\cmd;C:\\wamp64\\bin\\php\\php7.3.21;C:\\ProgramData\\ComposerSetup\\bin;'
    'SystemRoot' => 'C:\\Windows'
    'COMSPEC' => 'C:\\Windows\\system32\\cmd.exe'
    'PATHEXT' => '.COM;.EXE;.BAT;.CMD;.VBS;.VBE;.JS;.JSE;.WSF;.WSH;.MSC'
    'WINDIR' => 'C:\\Windows'
    'SERVER_SIGNATURE' => '<address>Apache/2.4.46 (Win64) PHP/7.3.21 Server at api.project.loc Port 80</address>
'
    'SERVER_SOFTWARE' => 'Apache/2.4.46 (Win64) PHP/7.3.21'
    'SERVER_NAME' => 'api.project.loc'
    'SERVER_ADDR' => '::1'
    'SERVER_PORT' => '80'
    'REMOTE_ADDR' => '::1'
    'DOCUMENT_ROOT' => 'C:/wamp64/www/project/api/web'
    'REQUEST_SCHEME' => 'http'
    'CONTEXT_PREFIX' => ''
    'CONTEXT_DOCUMENT_ROOT' => 'C:/wamp64/www/project/api/web'
    'SERVER_ADMIN' => 'wampserver@wampserver.invalid'
    'SCRIPT_FILENAME' => 'C:/wamp64/www/project/api/web/index.php'
    'REMOTE_PORT' => '49338'
    'REDIRECT_URL' => '/invoice'
    'GATEWAY_INTERFACE' => 'CGI/1.1'
    'SERVER_PROTOCOL' => 'HTTP/1.1'
    'REQUEST_METHOD' => 'GET'
    'QUERY_STRING' => ''
    'REQUEST_URI' => '/invoice'
    'SCRIPT_NAME' => '/index.php'
    'PHP_SELF' => '/index.php'
    'REQUEST_TIME_FLOAT' => 1599646686.0704
    'REQUEST_TIME' => 1599646686
]
2020-09-09 10:19:20 [::1][-][-][error][yii\web\HttpException:404] yii\web\NotFoundHttpException: Page not found. in C:\wamp64\www\project\vendor\yiisoft\yii2\web\Request.php:287
Stack trace:
#0 C:\wamp64\www\project\vendor\yiisoft\yii2\web\Application.php(82): yii\web\Request->resolve()
#1 C:\wamp64\www\project\vendor\yiisoft\yii2\base\Application.php(386): yii\web\Application->handleRequest(Object(yii\web\Request))
#2 C:\wamp64\www\project\api\web\index.php(17): yii\base\Application->run()
#3 {main}
2020-09-09 10:19:20 [::1][-][-][info][application] $_GET = []

$_POST = []

$_FILES = []

$_COOKIE = []

$_SERVER = [
    'REDIRECT_STATUS' => '200'
    'HTTP_HOST' => 'api.project.loc'
    'HTTP_CONNECTION' => 'keep-alive'
    'HTTP_CACHE_CONTROL' => 'max-age=0'
    'HTTP_UPGRADE_INSECURE_REQUESTS' => '1'
    'HTTP_USER_AGENT' => 'Mozilla/5.0 (Windows NT 6.3; Win64; x64) AppleWebKit/537.36 (KHTML, like Gecko) Chrome/84.0.4147.135 Safari/537.36 OPR/70.0.3728.154'
    'HTTP_ACCEPT' => 'text/html,application/xhtml+xml,application/xml;q=0.9,image/webp,image/apng,*/*;q=0.8,application/signed-exchange;v=b3;q=0.9'
    'HTTP_ACCEPT_ENCODING' => 'gzip, deflate'
    'HTTP_ACCEPT_LANGUAGE' => 'ru-RU,ru;q=0.9,en-US;q=0.8,en;q=0.7'
    'PATH' => 'C:\\Windows\\system32;C:\\Windows;C:\\Windows\\System32\\Wbem;C:\\Windows\\System32\\WindowsPowerShell\\v1.0\\;C:\\Program Files\\7-Zip;C:\\Program Files\\Git\\cmd;C:\\wamp64\\bin\\php\\php7.3.21;C:\\ProgramData\\ComposerSetup\\bin;'
    'SystemRoot' => 'C:\\Windows'
    'COMSPEC' => 'C:\\Windows\\system32\\cmd.exe'
    'PATHEXT' => '.COM;.EXE;.BAT;.CMD;.VBS;.VBE;.JS;.JSE;.WSF;.WSH;.MSC'
    'WINDIR' => 'C:\\Windows'
    'SERVER_SIGNATURE' => '<address>Apache/2.4.46 (Win64) PHP/7.3.21 Server at api.project.loc Port 80</address>
'
    'SERVER_SOFTWARE' => 'Apache/2.4.46 (Win64) PHP/7.3.21'
    'SERVER_NAME' => 'api.project.loc'
    'SERVER_ADDR' => '::1'
    'SERVER_PORT' => '80'
    'REMOTE_ADDR' => '::1'
    'DOCUMENT_ROOT' => 'C:/wamp64/www/project/api/web'
    'REQUEST_SCHEME' => 'http'
    'CONTEXT_PREFIX' => ''
    'CONTEXT_DOCUMENT_ROOT' => 'C:/wamp64/www/project/api/web'
    'SERVER_ADMIN' => 'wampserver@wampserver.invalid'
    'SCRIPT_FILENAME' => 'C:/wamp64/www/project/api/web/index.php'
    'REMOTE_PORT' => '49339'
    'REDIRECT_URL' => '/api/v1/invoices'
    'GATEWAY_INTERFACE' => 'CGI/1.1'
    'SERVER_PROTOCOL' => 'HTTP/1.1'
    'REQUEST_METHOD' => 'GET'
    'QUERY_STRING' => ''
    'REQUEST_URI' => '/api/v1/invoices'
    'SCRIPT_NAME' => '/index.php'
    'PHP_SELF' => '/index.php'
    'REQUEST_TIME_FLOAT' => 1599646760.6613
    'REQUEST_TIME' => 1599646760
]
2020-09-09 10:19:27 [::1][-][-][error][yii\web\HttpException:404] yii\web\NotFoundHttpException: Page not found. in C:\wamp64\www\project\vendor\yiisoft\yii2\web\Request.php:287
Stack trace:
#0 C:\wamp64\www\project\vendor\yiisoft\yii2\web\Application.php(82): yii\web\Request->resolve()
#1 C:\wamp64\www\project\vendor\yiisoft\yii2\base\Application.php(386): yii\web\Application->handleRequest(Object(yii\web\Request))
#2 C:\wamp64\www\project\api\web\index.php(17): yii\base\Application->run()
#3 {main}
2020-09-09 10:19:27 [::1][-][-][info][application] $_GET = []

$_POST = []

$_FILES = []

$_COOKIE = []

$_SERVER = [
    'REDIRECT_STATUS' => '200'
    'HTTP_HOST' => 'api.project.loc'
    'HTTP_CONNECTION' => 'keep-alive'
    'HTTP_UPGRADE_INSECURE_REQUESTS' => '1'
    'HTTP_USER_AGENT' => 'Mozilla/5.0 (Windows NT 6.3; Win64; x64) AppleWebKit/537.36 (KHTML, like Gecko) Chrome/84.0.4147.135 Safari/537.36 OPR/70.0.3728.154'
    'HTTP_ACCEPT' => 'text/html,application/xhtml+xml,application/xml;q=0.9,image/webp,image/apng,*/*;q=0.8,application/signed-exchange;v=b3;q=0.9'
    'HTTP_ACCEPT_ENCODING' => 'gzip, deflate'
    'HTTP_ACCEPT_LANGUAGE' => 'ru-RU,ru;q=0.9,en-US;q=0.8,en;q=0.7'
    'PATH' => 'C:\\Windows\\system32;C:\\Windows;C:\\Windows\\System32\\Wbem;C:\\Windows\\System32\\WindowsPowerShell\\v1.0\\;C:\\Program Files\\7-Zip;C:\\Program Files\\Git\\cmd;C:\\wamp64\\bin\\php\\php7.3.21;C:\\ProgramData\\ComposerSetup\\bin;'
    'SystemRoot' => 'C:\\Windows'
    'COMSPEC' => 'C:\\Windows\\system32\\cmd.exe'
    'PATHEXT' => '.COM;.EXE;.BAT;.CMD;.VBS;.VBE;.JS;.JSE;.WSF;.WSH;.MSC'
    'WINDIR' => 'C:\\Windows'
    'SERVER_SIGNATURE' => '<address>Apache/2.4.46 (Win64) PHP/7.3.21 Server at api.project.loc Port 80</address>
'
    'SERVER_SOFTWARE' => 'Apache/2.4.46 (Win64) PHP/7.3.21'
    'SERVER_NAME' => 'api.project.loc'
    'SERVER_ADDR' => '::1'
    'SERVER_PORT' => '80'
    'REMOTE_ADDR' => '::1'
    'DOCUMENT_ROOT' => 'C:/wamp64/www/project/api/web'
    'REQUEST_SCHEME' => 'http'
    'CONTEXT_PREFIX' => ''
    'CONTEXT_DOCUMENT_ROOT' => 'C:/wamp64/www/project/api/web'
    'SERVER_ADMIN' => 'wampserver@wampserver.invalid'
    'SCRIPT_FILENAME' => 'C:/wamp64/www/project/api/web/index.php'
    'REMOTE_PORT' => '49340'
    'REDIRECT_URL' => '/v1/invoices'
    'GATEWAY_INTERFACE' => 'CGI/1.1'
    'SERVER_PROTOCOL' => 'HTTP/1.1'
    'REQUEST_METHOD' => 'GET'
    'QUERY_STRING' => ''
    'REQUEST_URI' => '/v1/invoices'
    'SCRIPT_NAME' => '/index.php'
    'PHP_SELF' => '/index.php'
    'REQUEST_TIME_FLOAT' => 1599646767.0435
    'REQUEST_TIME' => 1599646767
]
2020-09-09 10:43:27 [::1][-][-][error][yii\web\HttpException:404] yii\web\NotFoundHttpException: Page not found. in C:\wamp64\www\project\vendor\yiisoft\yii2\web\Request.php:287
Stack trace:
#0 C:\wamp64\www\project\vendor\yiisoft\yii2\web\Application.php(82): yii\web\Request->resolve()
#1 C:\wamp64\www\project\vendor\yiisoft\yii2\base\Application.php(386): yii\web\Application->handleRequest(Object(yii\web\Request))
#2 C:\wamp64\www\project\api\web\index.php(17): yii\base\Application->run()
#3 {main}
2020-09-09 10:43:27 [::1][-][-][info][application] $_GET = []

$_POST = []

$_FILES = []

$_COOKIE = []

$_SERVER = [
    'REDIRECT_STATUS' => '200'
    'HTTP_HOST' => 'api.project.loc'
    'HTTP_USER_AGENT' => 'curl/7.72.0'
    'HTTP_ACCEPT' => 'application/json'
    'PATH' => 'C:\\Windows\\system32;C:\\Windows;C:\\Windows\\System32\\Wbem;C:\\Windows\\System32\\WindowsPowerShell\\v1.0\\;C:\\Program Files\\7-Zip;C:\\Program Files\\Git\\cmd;C:\\wamp64\\bin\\php\\php7.3.21;C:\\ProgramData\\ComposerSetup\\bin;'
    'SystemRoot' => 'C:\\Windows'
    'COMSPEC' => 'C:\\Windows\\system32\\cmd.exe'
    'PATHEXT' => '.COM;.EXE;.BAT;.CMD;.VBS;.VBE;.JS;.JSE;.WSF;.WSH;.MSC'
    'WINDIR' => 'C:\\Windows'
    'SERVER_SIGNATURE' => '<address>Apache/2.4.46 (Win64) PHP/7.3.21 Server at api.project.loc Port 80</address>
'
    'SERVER_SOFTWARE' => 'Apache/2.4.46 (Win64) PHP/7.3.21'
    'SERVER_NAME' => 'api.project.loc'
    'SERVER_ADDR' => '::1'
    'SERVER_PORT' => '80'
    'REMOTE_ADDR' => '::1'
    'DOCUMENT_ROOT' => 'C:/wamp64/www/project/api/web'
    'REQUEST_SCHEME' => 'http'
    'CONTEXT_PREFIX' => ''
    'CONTEXT_DOCUMENT_ROOT' => 'C:/wamp64/www/project/api/web'
    'SERVER_ADMIN' => 'wampserver@wampserver.invalid'
    'SCRIPT_FILENAME' => 'C:/wamp64/www/project/api/web/index.php'
    'REMOTE_PORT' => '49616'
    'REDIRECT_URL' => '/invoice'
    'GATEWAY_INTERFACE' => 'CGI/1.1'
    'SERVER_PROTOCOL' => 'HTTP/1.1'
    'REQUEST_METHOD' => 'GET'
    'QUERY_STRING' => ''
    'REQUEST_URI' => '/invoice'
    'SCRIPT_NAME' => '/index.php'
    'PHP_SELF' => '/index.php'
    'REQUEST_TIME_FLOAT' => 1599648207.5909
    'REQUEST_TIME' => 1599648207
]
2020-09-09 10:43:36 [::1][-][-][error][yii\web\HttpException:404] yii\web\NotFoundHttpException: Page not found. in C:\wamp64\www\project\vendor\yiisoft\yii2\web\Request.php:287
Stack trace:
#0 C:\wamp64\www\project\vendor\yiisoft\yii2\web\Application.php(82): yii\web\Request->resolve()
#1 C:\wamp64\www\project\vendor\yiisoft\yii2\base\Application.php(386): yii\web\Application->handleRequest(Object(yii\web\Request))
#2 C:\wamp64\www\project\api\web\index.php(17): yii\base\Application->run()
#3 {main}
2020-09-09 10:43:36 [::1][-][-][info][application] $_GET = []

$_POST = []

$_FILES = []

$_COOKIE = []

$_SERVER = [
    'REDIRECT_STATUS' => '200'
    'HTTP_HOST' => 'api.project.loc'
    'HTTP_USER_AGENT' => 'curl/7.72.0'
    'HTTP_ACCEPT' => 'application/json'
    'PATH' => 'C:\\Windows\\system32;C:\\Windows;C:\\Windows\\System32\\Wbem;C:\\Windows\\System32\\WindowsPowerShell\\v1.0\\;C:\\Program Files\\7-Zip;C:\\Program Files\\Git\\cmd;C:\\wamp64\\bin\\php\\php7.3.21;C:\\ProgramData\\ComposerSetup\\bin;'
    'SystemRoot' => 'C:\\Windows'
    'COMSPEC' => 'C:\\Windows\\system32\\cmd.exe'
    'PATHEXT' => '.COM;.EXE;.BAT;.CMD;.VBS;.VBE;.JS;.JSE;.WSF;.WSH;.MSC'
    'WINDIR' => 'C:\\Windows'
    'SERVER_SIGNATURE' => '<address>Apache/2.4.46 (Win64) PHP/7.3.21 Server at api.project.loc Port 80</address>
'
    'SERVER_SOFTWARE' => 'Apache/2.4.46 (Win64) PHP/7.3.21'
    'SERVER_NAME' => 'api.project.loc'
    'SERVER_ADDR' => '::1'
    'SERVER_PORT' => '80'
    'REMOTE_ADDR' => '::1'
    'DOCUMENT_ROOT' => 'C:/wamp64/www/project/api/web'
    'REQUEST_SCHEME' => 'http'
    'CONTEXT_PREFIX' => ''
    'CONTEXT_DOCUMENT_ROOT' => 'C:/wamp64/www/project/api/web'
    'SERVER_ADMIN' => 'wampserver@wampserver.invalid'
    'SCRIPT_FILENAME' => 'C:/wamp64/www/project/api/web/index.php'
    'REMOTE_PORT' => '49621'
    'REDIRECT_URL' => '/v1/invoice'
    'GATEWAY_INTERFACE' => 'CGI/1.1'
    'SERVER_PROTOCOL' => 'HTTP/1.1'
    'REQUEST_METHOD' => 'GET'
    'QUERY_STRING' => ''
    'REQUEST_URI' => '/v1/invoice'
    'SCRIPT_NAME' => '/index.php'
    'PHP_SELF' => '/index.php'
    'REQUEST_TIME_FLOAT' => 1599648216.6056
    'REQUEST_TIME' => 1599648216
]
